Arguments: 
  /usr/local/bin/node /mnt/c/Program Files (x86)/Yarn/bin/yarn.js build

PATH: 
  /home/never/.vscode-server/bin/7f6ab5485bbc008386c4386d08766667e155244e/bin:/home/never/.local/bin:/usr/local/sbin:/usr/local/bin:/usr/sbin:/usr/bin:/sbin:/bin:/usr/games:/usr/local/games:/mnt/c/JAVA/jdk-16.0.1/bin:/mnt/c/Gradle/gradle-7.1.1/bin:/mnt/c/JAVA/apache-maven-3.8.1/bin:/mnt/c/Windows/system32:/mnt/c/Windows:/mnt/c/Windows/System32/Wbem:/mnt/c/Windows/System32/WindowsPowerShell/v1.0/:/mnt/c/Windows/System32/OpenSSH/:/mnt/c/Program Files/Git/cmd:/mnt/c/Program Files/nodejs/:/mnt/c/Program Files (x86)/Yarn/bin/:/mnt/c/JAVA/apache-maven-3.8.1/bin:/mnt/c/Program Files/Docker/Docker/resources/bin:/mnt/c/ProgramData/DockerDesktop/version-bin:/mnt/c/Users/never/AppData/Local/Programs/Python/Python39/Scripts/:/mnt/c/Users/never/AppData/Local/Programs/Python/Python39/:/mnt/c/Users/never/AppData/Local/Microsoft/WindowsApps:/mnt/c/Program Files/JetBrains/CLion 2021.1/bin:/mnt/c/Users/never/AppData/Local/Programs/Microsoft VS Code/bin:/mnt/c/Users/never/AppData/Roaming/npm:/mnt/c/Users/never/AppData/Local/Yarn/bin:/snap/bin

Yarn version: 
  1.22.5

Node version: 
  14.16.0

Platform: 
  linux x64

Trace: 
  SyntaxError: /home/never/work/emcc/package.json: Unexpected string in JSON at position 557
      at JSON.parse (<anonymous>)
      at /mnt/c/Program Files (x86)/Yarn/lib/cli.js:1625:59
      at Generator.next (<anonymous>)
      at step (/mnt/c/Program Files (x86)/Yarn/lib/cli.js:310:30)
      at /mnt/c/Program Files (x86)/Yarn/lib/cli.js:321:13

npm manifest: 
  {
    "name": "eproto",
    "version": "1.0.0",
    "description": "尝试使用protobuf+wasm将proto结构解析层使用c++实现，并暴露给前端js，使得解析层统一实现，并暴露统一接口。此项目为实验proto+wasm暴露对应的c层对应类以及接口是否可行",
    "main": "eproto.js",
    "scripts": {
      "build-docker-env": "docker build -f Dockerfiles/Dockerfile -t emcc_proto .",
      "make": "docker run --rm -v $(pwd):/src -u $(id -u):$(id -g) emcc_proto bash -c 'rm -rf build/; mkdir build/ && cd build/ && emcmake cmake .. && make'",
      "gen-type-define": "./node_modules/.bin/tsembind eproto.js > eproto.d.ts",
      "build": [
        "yarn make"
        "&& yarn gen-type-define"
        "&& docker run --rm -v $(pwd):/src -u $(id -u):$(id -g) emcc_proto bash -c 'cd build/ && emcc --bind --ts-typings --post-js ../test_post_script.js -o ../eproto.js -Wl,--whole-archive libeProto.a -Wl,--no-whole-archive'"
      ],
      "test": "echo \"Error: no test specified\" && exit 1"
    },
    "repository": {
      "type": "git",
      "url": "git+https://github.com/nevermoreluo/emscripten_protobuf.git"
    },
    "author": "",
    "license": "ISC",
    "bugs": {
      "url": "https://github.com/nevermoreluo/emscripten_protobuf/issues"
    },
    "homepage": "https://github.com/nevermoreluo/emscripten_protobuf#readme",
    "dependencies": {
      "tsembind": "^1.0.2"
    }
  }

yarn manifest: 
  No manifest

Lockfile: 
  # THIS IS AN AUTOGENERATED FILE. DO NOT EDIT THIS FILE DIRECTLY.
  # yarn lockfile v1
  
  
  commander@^7.2.0:
    version "7.2.0"
    resolved "https://registry.yarnpkg.com/commander/-/commander-7.2.0.tgz#a36cb57d0b501ce108e4d20559a150a391d97ab7"
    integrity sha512-QrWXB+ZQSVPmIWIhtEO9H+gwHaMGYiF5ChvoJ+K9ZGHG/sVsa6yiesAD1GC/x46sET00Xlwo1u49RVVVzvcSkw==
  
  tsembind@^1.0.2:
    version "1.0.2"
    resolved "https://registry.yarnpkg.com/tsembind/-/tsembind-1.0.2.tgz#cda1cebd2eb73655b0735161b23ec35b7dd89345"
    integrity sha512-Ps22Rh7Kz4PsFN1u27ozHblVb1SY2qP4FSgaInJdSD0OT8gJSxerJZ6EapIy233pIpN1HJBz0w8nVtSrm6nwhw==
    dependencies:
      commander "^7.2.0"
